0001   0000             ;
0002   0000             ; To assembly this, either use the zxasm.bat file:
0003   0000             ;
0004   0000             ; zxasm hello
0005   0000             ;
0006   0000             ; or... assemble with the following options:
0007   0000             ;
0008   0000             ; tasm -80 -b -s hello.asm hello.p
0009   0000             ;
0010   0000             ;==============================================
0011   0000             ;    ZX81 assembler 'Hello World' 
0012   0000             ;==============================================
0013   0000             ;
0014   0000             ;defs
0015   0000             #include "zx81defs.asm"
0001+  0000             ;defines to make us feel more at home
0002+  0000             #define         DEFB .BYTE
0003+  0000             #define         DEFW .WORD
0004+  0000             #define         DEFM .TEXT
0005+  0000             #define         ORG  .ORG
0006+  0000             #define         EQU  .EQU
0016   0000             ;EQUs for ROM routines
0017   0000             #include "zx81rom.asm"
0001+  0000             ;ZX81 ROM routines
0002+  0000             PRINT			EQU $10
0003+  0000             PRINTAT			EQU $08F5
0004+  0000             DISPROUT		EQU $0281
0005+  0000             DISPLAY_3		EQU $0292 ;restore registers after a 'slow' display
0006+  0000             DISPLAY_5		EQU $02B5
0007+  0000             PLOT			EQU $0BB2 	; note ROM plot is 0baf - however first thing it does try to pull BC from the calculator stack
0008+  0000             							; so we'll skip past that and set BC ourselves
0009+  0000             CLS				EQU $0A2A
0010+  0000             KSCAN           EQU $02BB 
0011+  0000             FINDCHR         EQU $07BD
0012+  0000             COPY            EQU $0869
0013+  0000             FAST            EQU $0F23
0014+  0000             SLOW            EQU $0F2B
0015+  0000             SLOWORFAST		EQU $0207
0016+  0000             ;sys vars
0017+  0000             ERR_NR			EQU $40000018   0000             ;ZX81 char codes/how to survive without ASCII
0019   0000             #include "charcodes.asm"
0001+  0000             ; ZX81 Characters.
0002+  0000             __:				EQU	$00	;spacja
0003+  0000             _QT:			EQU	$0B	;"
0004+  0000             _PD:			EQU	$0C	;funt
0005+  0000             _SD:			EQU	$0D	;$
0006+  0000             _CL:			EQU	$0E	;:
0007+  0000             _QM:			EQU	$0F	;?
0008+  0000             _OP:			EQU	$10	;(
0009+  0000             _CP:			EQU	$11	;)
0010+  0000             _GT:			EQU	$12	;>
0011+  0000             _LT:			EQU	$13	;<
0012+  0000             _EQ:			EQU	$14	;=
0013+  0000             _PL:			EQU	$15	;+
0014+  0000             _MI:			EQU	$16	;-
0015+  0000             _AS:			EQU	$17	;*
0016+  0000             _SL:			EQU	$18	;/
0017+  0000             _SC:			EQU	$19	;;
0018+  0000             _CM:			EQU	$1A	;,
0019+  0000             _DT:			EQU	$1B	;.
0020+  0000             _NL:			EQU	$76	;NEWLINE
0021+  0000             
0022+  0000             _0				EQU $1C
0023+  0000             _1				EQU $1D
0024+  0000             _2				EQU $1E
0025+  0000             _3				EQU $1F
0026+  0000             _4				EQU $20
0027+  0000             _5				EQU $21
0028+  0000             _6				EQU $22
0029+  0000             _7				EQU $23
0030+  0000             _8				EQU $24
0031+  0000             _9				EQU $25
0032+  0000             _A				EQU $26
0033+  0000             _B				EQU $27
0034+  0000             _C				EQU $28
0035+  0000             _D				EQU $29
0036+  0000             _E				EQU $2A
0037+  0000             _F				EQU $2B
0038+  0000             _G				EQU $2C
0039+  0000             _H				EQU $2D
0040+  0000             _I				EQU $2E
0041+  0000             _J				EQU $2F
0042+  0000             _K				EQU $30
0043+  0000             _L				EQU $31
0044+  0000             _M				EQU $32
0045+  0000             _N				EQU $33
0046+  0000             _O				EQU $34
0047+  0000             _P				EQU $35
0048+  0000             _Q				EQU $36
0049+  0000             _R				EQU $37
0050+  0000             _S				EQU $38
0051+  0000             _T				EQU $39
0052+  0000             _U				EQU $3A
0053+  0000             _V				EQU $3B
0054+  0000             _W				EQU $3C
0055+  0000             _X				EQU $3D
0056+  0000             _Y				EQU $3E
0057+  0000             _Z				EQU $3F
0020   0000             ;system variables
0021   0000             #include "zx81sys.asm"
0001+  0000             ;system variables
0002+  0000             ;Origin of a ZX81 file is always 16393
0003+  0000             
0004+  4009                             ORG 16393
0005+  4009                             
0006+  4009             ; System variables live here
0007+  4009 00          VERSN:          DEFB 0
0008+  400A 02 00       E_PPC:          DEFW 2
0009+  400C DE 40       D_FILE:         DEFW Display
0010+  400E DF 40       DF_CC:          DEFW Display+1                  ; First character of display
0011+  4010 F7 43       VARS:           DEFW Variables
0012+  4012 00 00       DEST:           DEFW 0
0013+  4014 F8 43       E_LINE:         DEFW BasicEnd 
0014+  4016 FC 43       CH_ADD:         DEFW BasicEnd+4                 ; Simulate SAVE "X"
0015+  4018 00 00       X_PTR:          DEFW 0
0016+  401A FD 43       STKBOT:         DEFW BasicEnd+5
0017+  401C FD 43       STKEND:         DEFW BasicEnd+5                 ; Empty stack
0018+  401E 00          BREG:           DEFB 0
0019+  401F 5D 40       MEM:            DEFW MEMBOT
0020+  4021 00          UNUSED1:        DEFB 0
0021+  4022 02          DF_SZ:          DEFB 2
0022+  4023 02 00       S_TOP:          DEFW $0002                      ; Top program line number
0023+  4025 BF FD       LAST_K:         DEFW $fdbf
0024+  4027 0F          DEBOUN:         DEFB 15
0025+  4028 37          MARGIN:         DEFB 55
0026+  4029 CC 40       NXTLIN:         DEFW Line2                      ; Next line address
0027+  402B 00 00       OLDPPC:         DEFW 0
0028+  402D 00          FLAGX:          DEFB 0
0029+  402E 00 00       STRLEN:         DEFW 0
0030+  4030 8D 0C       T_ADDR:         DEFW $0c8d
0031+  4032 00 00       SEED:           DEFW 0
0032+  4034 A3 F5       FRAMES:         DEFW $f5a3
0033+  4036 00 00       COORDS:         DEFW 0
0034+  4038 BC          PR_CC:          DEFB $bc
0035+  4039 21 18       S_POSN:         DEFW $1821
0036+  403B 40          CDFLAG:         DEFB $40
0037+  403C 00 00 00 00 PRBUFF:         DEFB 0,0,0,0,0,0,0,0,0,0,0,0,0,0,0,0,0,0,0,0,0,0,0,0,0,0,0,0,0,0,0,0,$76 ; 32 Spaces + Newline
0037+  4040 00 00 00 00 
0037+  4044 00 00 00 00 
0037+  4048 00 00 00 00 
0037+  404C 00 00 00 00 
0037+  4050 00 00 00 00 
0037+  4054 00 00 00 00 
0037+  4058 00 00 00 00 
0037+  405C 76 
0038+  405D 00 00 00 00 MEMBOT:         DEFB 0,0,0,0,0,0,0,0,0,0,$84,$20,0,0,0,0,0,0,0,0,0,0,0,0,0,0,0,0,0,0 ; 30 zeros
0038+  4061 00 00 00 00 
0038+  4065 00 00 84 20 
0038+  4069 00 00 00 00 
0038+  406D 00 00 00 00 
0038+  4071 00 00 00 00 
0038+  4075 00 00 00 00 
0038+  4079 00 00 
0039+  407B 00 00       UNUNSED2:       DEFW 0
0040+  407D             
0041+  407D             ; End of system variables
0042+  407D             
0022   407D             
0023   407D             ;the standard REM statement that will contain our 'hex' code
0024   407D             #include "line1.asm"
0001+  407D             ;Line 1
0002+  407D             ;this is the REM statement...
0003+  407D 00 00       Line1:          DEFB $00,$00                    ; Line 1
0004+  407F 4B 00                       DEFW Line1End-Line1Text         ; Line 1 length
0005+  4081 EA          Line1Text:      DEFB $ea                        ; REM             
0006+  4082             
0025   4082             
0026   4082             ;------------------------------------------------------------
0027   4082             ; code starts here and gets added to the end of the REM 
0028   4082             ;------------------------------------------------------------
0029   4082 11 08 04    	ld de, $0408
0030   4085 AF          	xor a
0031   4086 C6 04       	add a, $04
0032   4088             l0
0033   4088 C8          	ret z
0034   4089 CD 95 40    	call print_set
0035   408C CD AC 40    	call dispstring
0036   408F 14          	inc d
0037   4090 1C          	inc e
0038   4091 3D          	dec a
0039   4092 C3 88 40    	jp l0
0040   4095             
0041   4095             print_set
0042   4095 F5          	push af
0043   4096 D5          	push de
0044   4097 2A 0C 40    	ld hl,(D_FILE)
0045   409A 23          	inc hl
0046   409B AF          	xor a
0047   409C 82          	add a, d
0048   409D 16 00       	ld d, $00
0049   409F 19          	add hl, de
0050   40A0 1E 21       	ld e, $21
0051   40A2             l1
0052   40A2 CA A9 40    	jp z, l1end
0053   40A5 19          	add hl, de
0054   40A6 3D          	dec a
0055   40A7 18 F9       	jr l1
0056   40A9             l1end
0057   40A9 D1          	pop de
0058   40AA F1          	pop af
0059   40AB C9          	ret
0060   40AC             
0061   40AC             ;Subroutines	
0062   40AC             ;display a string
0063   40AC             dispstring
0064   40AC             ;write directly to the screen
0065   40AC             	;ld hl,(D_FILE)
0066   40AC             	;add hl,bc	
0067   40AC F5          	push af
0068   40AD D5          	push de
0069   40AE 11 BF 40    	ld de,hello_txt
0070   40B1             loop2
0071   40B1 1A          	ld a,(de)
0072   40B2 FE FF       	cp $ff
0073   40B4 CA BC 40    	jp z,loop2End
0074   40B7 77          	ld (hl),a
0075   40B8 23          	inc hl
0076   40B9 13          	inc de
0077   40BA 18 F5       	jr loop2
0078   40BC             loop2End	
0079   40BC D1          	pop de
0080   40BD F1          	pop af
0081   40BE C9          	ret	
0082   40BF             ;include our variables
0083   40BF             #include "vars.asm"
0001+  40BF             ;our variables
0002+  40BF             hello_txt
0003+  40BF 2D 2A 31 31 		DEFB	_H,_E,_L,_L,_O,__,_W,_O,_R,_L,_D,$ff
0003+  40C3 34 00 3C 34 
0003+  40C7 37 31 29 FF 
0084   40CB             
0085   40CB             ; ===========================================================
0086   40CB             ; code ends
0087   40CB             ; ===========================================================
0088   40CB             ;end the REM line and put in the RAND USR line to call our 'hex code'
0089   40CB             #include "line2.asm"
0001+  40CB             ;this is the end of line 1 - the REM			
0002+  40CB 76          				DEFB $76                        ; Newline				
0003+  40CC             ;followed by the the RAND USR line				
0004+  40CC             Line1End       
0005+  40CC 00 0A       Line2			DEFB $00,$0a
0006+  40CE 0E 00                       DEFW Line2End-Line2Text
0007+  40D0 F9 D4       Line2Text     	DEFB $F9,$D4                    ; RAND USR
0008+  40D2 1D 22 21 1D 				DEFB $1D,$22,$21,$1D,$20        ; 16514                
0008+  40D6 20 
0009+  40D7 7E                          DEFB $7E                        ; Number
0010+  40D8 8F 01 04 00                 DEFB $8F,$01,$04,$00,$00        ; Numeric encoding
0010+  40DC 00 
0011+  40DD 76                          DEFB $76                        ; Newline
0012+  40DE             Line2End 
0090   40DE             
0091   40DE             ;display file defintion
0092   40DE             #include "screen.asm"               
0001+  40DE             ;ZX81 screens
0002+  40DE             ; Display file (ZX81 screen) - low res screen
0003+  40DE 76          Display        	DEFB $76     
0004+  40DF 00 00 00 00                 DEFB $00,$00,$00,$00,$00,$00,$00,$00,$00,$00,$00,$00,$00,$00,$00,$00,$00,$00,$00,$00,$00,$00,$00,$00,$00,$00,$00,$00,$00,$00,$00,$00,$76 ; Line 0
0004+  40E3 00 00 00 00 
0004+  40E7 00 00 00 00 
0004+  40EB 00 00 00 00 
0004+  40EF 00 00 00 00 
0004+  40F3 00 00 00 00 
0004+  40F7 00 00 00 00 
0004+  40FB 00 00 00 00 
0004+  40FF 76 
0005+  4100 00 00 00 00                 DEFB $00,$00,$00,$00,$00,$00,$00,$00,$00,$00,$00,$00,$00,$00,$00,$00,$00,$00,$00,$00,$00,$00,$00,$00,$00,$00,$00,$00,$00,$00,$00,$00,$76 ; Line 1
0005+  4104 00 00 00 00 
0005+  4108 00 00 00 00 
0005+  410C 00 00 00 00 
0005+  4110 00 00 00 00 
0005+  4114 00 00 00 00 
0005+  4118 00 00 00 00 
0005+  411C 00 00 00 00 
0005+  4120 76 
0006+  4121 00 00 00 00                 DEFB $00,$00,$00,$00,$00,$00,$00,$00,$00,$00,$00,$00,$00,$00,$00,$00,$00,$00,$00,$00,$00,$00,$00,$00,$00,$00,$00,$00,$00,$00,$00,$00,$76 ; Line 2
0006+  4125 00 00 00 00 
0006+  4129 00 00 00 00 
0006+  412D 00 00 00 00 
0006+  4131 00 00 00 00 
0006+  4135 00 00 00 00 
0006+  4139 00 00 00 00 
0006+  413D 00 00 00 00 
0006+  4141 76 
0007+  4142 00 00 00 00                 DEFB $00,$00,$00,$00,$00,$00,$00,$00,$00,$00,$00,$00,$00,$00,$00,$00,$00,$00,$00,$00,$00,$00,$00,$00,$00,$00,$00,$00,$00,$00,$00,$00,$76 ; Line 3
0007+  4146 00 00 00 00 
0007+  414A 00 00 00 00 
0007+  414E 00 00 00 00 
0007+  4152 00 00 00 00 
0007+  4156 00 00 00 00 
0007+  415A 00 00 00 00 
0007+  415E 00 00 00 00 
0007+  4162 76 
0008+  4163 00 00 00 00                 DEFB $00,$00,$00,$00,$00,$00,$00,$00,$00,$00,$00,$00,$00,$00,$00,$00,$00,$00,$00,$00,$00,$00,$00,$00,$00,$00,$00,$00,$00,$00,$00,$00,$76 ; Line 4
0008+  4167 00 00 00 00 
0008+  416B 00 00 00 00 
0008+  416F 00 00 00 00 
0008+  4173 00 00 00 00 
0008+  4177 00 00 00 00 
0008+  417B 00 00 00 00 
0008+  417F 00 00 00 00 
0008+  4183 76 
0009+  4184 00 00 00 00                 DEFB $00,$00,$00,$00,$00,$00,$00,$00,$00,$00,$00,$00,$00,$00,$00,$00,$00,$00,$00,$00,$00,$00,$00,$00,$00,$00,$00,$00,$00,$00,$00,$00,$76 ; Line 5
0009+  4188 00 00 00 00 
0009+  418C 00 00 00 00 
0009+  4190 00 00 00 00 
0009+  4194 00 00 00 00 
0009+  4198 00 00 00 00 
0009+  419C 00 00 00 00 
0009+  41A0 00 00 00 00 
0009+  41A4 76 
0010+  41A5 00 00 00 00                 DEFB $00,$00,$00,$00,$00,$00,$00,$00,$00,$00,$00,$00,$00,$00,$00,$00,$00,$00,$00,$00,$00,$00,$00,$00,$00,$00,$00,$00,$00,$00,$00,$00,$76 ; Line 6
0010+  41A9 00 00 00 00 
0010+  41AD 00 00 00 00 
0010+  41B1 00 00 00 00 
0010+  41B5 00 00 00 00 
0010+  41B9 00 00 00 00 
0010+  41BD 00 00 00 00 
0010+  41C1 00 00 00 00 
0010+  41C5 76 
0011+  41C6 00 00 00 00                 DEFB $00,$00,$00,$00,$00,$00,$00,$00,$00,$00,$00,$00,$00,$00,$00,$00,$00,$00,$00,$00,$00,$00,$00,$00,$00,$00,$00,$00,$00,$00,$00,$00,$76 ; Line 7
0011+  41CA 00 00 00 00 
0011+  41CE 00 00 00 00 
0011+  41D2 00 00 00 00 
0011+  41D6 00 00 00 00 
0011+  41DA 00 00 00 00 
0011+  41DE 00 00 00 00 
0011+  41E2 00 00 00 00 
0011+  41E6 76 
0012+  41E7 00 00 00 00                 DEFB $00,$00,$00,$00,$00,$00,$00,$00,$00,$00,$00,$00,$00,$00,$00,$00,$00,$00,$00,$00,$00,$00,$00,$00,$00,$00,$00,$00,$00,$00,$00,$00,$76 ; Line 8
0012+  41EB 00 00 00 00 
0012+  41EF 00 00 00 00 
0012+  41F3 00 00 00 00 
0012+  41F7 00 00 00 00 
0012+  41FB 00 00 00 00 
0012+  41FF 00 00 00 00 
0012+  4203 00 00 00 00 
0012+  4207 76 
0013+  4208 00 00 00 00                 DEFB $00,$00,$00,$00,$00,$00,$00,$00,$00,$00,$00,$00,$00,$00,$00,$00,$00,$00,$00,$00,$00,$00,$00,$00,$00,$00,$00,$00,$00,$00,$00,$00,$76 ; Line 9
0013+  420C 00 00 00 00 
0013+  4210 00 00 00 00 
0013+  4214 00 00 00 00 
0013+  4218 00 00 00 00 
0013+  421C 00 00 00 00 
0013+  4220 00 00 00 00 
0013+  4224 00 00 00 00 
0013+  4228 76 
0014+  4229 00 00 00 00                 DEFB $00,$00,$00,$00,$00,$00,$00,$00,$00,$00,$00,$00,$00,$00,$00,$00,$00,$00,$00,$00,$00,$00,$00,$00,$00,$00,$00,$00,$00,$00,$00,$00,$76 ; Line 10
0014+  422D 00 00 00 00 
0014+  4231 00 00 00 00 
0014+  4235 00 00 00 00 
0014+  4239 00 00 00 00 
0014+  423D 00 00 00 00 
0014+  4241 00 00 00 00 
0014+  4245 00 00 00 00 
0014+  4249 76 
0015+  424A 00 00 00 00                 DEFB $00,$00,$00,$00,$00,$00,$00,$00,$00,$00,$00,$00,$00,$00,$00,$00,$00,$00,$00,$00,$00,$00,$00,$00,$00,$00,$00,$00,$00,$00,$00,$00,$76 ; Line 11
0015+  424E 00 00 00 00 
0015+  4252 00 00 00 00 
0015+  4256 00 00 00 00 
0015+  425A 00 00 00 00 
0015+  425E 00 00 00 00 
0015+  4262 00 00 00 00 
0015+  4266 00 00 00 00 
0015+  426A 76 
0016+  426B 00 00 00 00                 DEFB $00,$00,$00,$00,$00,$00,$00,$00,$00,$00,$00,$00,$00,$00,$00,$00,$00,$00,$00,$00,$00,$00,$00,$00,$00,$00,$00,$00,$00,$00,$00,$00,$76 ; Line 12
0016+  426F 00 00 00 00 
0016+  4273 00 00 00 00 
0016+  4277 00 00 00 00 
0016+  427B 00 00 00 00 
0016+  427F 00 00 00 00 
0016+  4283 00 00 00 00 
0016+  4287 00 00 00 00 
0016+  428B 76 
0017+  428C 00 00 00 00                 DEFB $00,$00,$00,$00,$00,$00,$00,$00,$00,$00,$00,$00,$00,$00,$00,$00,$00,$00,$00,$00,$00,$00,$00,$00,$00,$00,$00,$00,$00,$00,$00,$00,$76 ; Line 13
0017+  4290 00 00 00 00 
0017+  4294 00 00 00 00 
0017+  4298 00 00 00 00 
0017+  429C 00 00 00 00 
0017+  42A0 00 00 00 00 
0017+  42A4 00 00 00 00 
0017+  42A8 00 00 00 00 
0017+  42AC 76 
0018+  42AD 00 00 00 00                 DEFB $00,$00,$00,$00,$00,$00,$00,$00,$00,$00,$00,$00,$00,$00,$00,$00,$00,$00,$00,$00,$00,$00,$00,$00,$00,$00,$00,$00,$00,$00,$00,$00,$76 ; Line 14
0018+  42B1 00 00 00 00 
0018+  42B5 00 00 00 00 
0018+  42B9 00 00 00 00 
0018+  42BD 00 00 00 00 
0018+  42C1 00 00 00 00 
0018+  42C5 00 00 00 00 
0018+  42C9 00 00 00 00 
0018+  42CD 76 
0019+  42CE 00 00 00 00                 DEFB $00,$00,$00,$00,$00,$00,$00,$00,$00,$00,$00,$00,$00,$00,$00,$00,$00,$00,$00,$00,$00,$00,$00,$00,$00,$00,$00,$00,$00,$00,$00,$00,$76 ; Line 15
0019+  42D2 00 00 00 00 
0019+  42D6 00 00 00 00 
0019+  42DA 00 00 00 00 
0019+  42DE 00 00 00 00 
0019+  42E2 00 00 00 00 
0019+  42E6 00 00 00 00 
0019+  42EA 00 00 00 00 
0019+  42EE 76 
0020+  42EF 00 00 00 00                 DEFB $00,$00,$00,$00,$00,$00,$00,$00,$00,$00,$00,$00,$00,$00,$00,$00,$00,$00,$00,$00,$00,$00,$00,$00,$00,$00,$00,$00,$00,$00,$00,$00,$76 ; Line 16
0020+  42F3 00 00 00 00 
0020+  42F7 00 00 00 00 
0020+  42FB 00 00 00 00 
0020+  42FF 00 00 00 00 
0020+  4303 00 00 00 00 
0020+  4307 00 00 00 00 
0020+  430B 00 00 00 00 
0020+  430F 76 
0021+  4310 00 00 00 00                 DEFB $00,$00,$00,$00,$00,$00,$00,$00,$00,$00,$00,$00,$00,$00,$00,$00,$00,$00,$00,$00,$00,$00,$00,$00,$00,$00,$00,$00,$00,$00,$00,$00,$76 ; Line 17
0021+  4314 00 00 00 00 
0021+  4318 00 00 00 00 
0021+  431C 00 00 00 00 
0021+  4320 00 00 00 00 
0021+  4324 00 00 00 00 
0021+  4328 00 00 00 00 
0021+  432C 00 00 00 00 
0021+  4330 76 
0022+  4331 00 00 00 00                 DEFB $00,$00,$00,$00,$00,$00,$00,$00,$00,$00,$00,$00,$00,$00,$00,$00,$00,$00,$00,$00,$00,$00,$00,$00,$00,$00,$00,$00,$00,$00,$00,$00,$76 ; Line 18
0022+  4335 00 00 00 00 
0022+  4339 00 00 00 00 
0022+  433D 00 00 00 00 
0022+  4341 00 00 00 00 
0022+  4345 00 00 00 00 
0022+  4349 00 00 00 00 
0022+  434D 00 00 00 00 
0022+  4351 76 
0023+  4352 00 00 00 00                 DEFB $00,$00,$00,$00,$00,$00,$00,$00,$00,$00,$00,$00,$00,$00,$00,$00,$00,$00,$00,$00,$00,$00,$00,$00,$00,$00,$00,$00,$00,$00,$00,$00,$76 ; Line 19
0023+  4356 00 00 00 00 
0023+  435A 00 00 00 00 
0023+  435E 00 00 00 00 
0023+  4362 00 00 00 00 
0023+  4366 00 00 00 00 
0023+  436A 00 00 00 00 
0023+  436E 00 00 00 00 
0023+  4372 76 
0024+  4373 00 00 00 00                 DEFB $00,$00,$00,$00,$00,$00,$00,$00,$00,$00,$00,$00,$00,$00,$00,$00,$00,$00,$00,$00,$00,$00,$00,$00,$00,$00,$00,$00,$00,$00,$00,$00,$76 ; Line 20
0024+  4377 00 00 00 00 
0024+  437B 00 00 00 00 
0024+  437F 00 00 00 00 
0024+  4383 00 00 00 00 
0024+  4387 00 00 00 00 
0024+  438B 00 00 00 00 
0024+  438F 00 00 00 00 
0024+  4393 76 
0025+  4394 00 00 00 00                 DEFB $00,$00,$00,$00,$00,$00,$00,$00,$00,$00,$00,$00,$00,$00,$00,$00,$00,$00,$00,$00,$00,$00,$00,$00,$00,$00,$00,$00,$00,$00,$00,$00,$76 ; Line 21
0025+  4398 00 00 00 00 
0025+  439C 00 00 00 00 
0025+  43A0 00 00 00 00 
0025+  43A4 00 00 00 00 
0025+  43A8 00 00 00 00 
0025+  43AC 00 00 00 00 
0025+  43B0 00 00 00 00 
0025+  43B4 76 
0026+  43B5 00 00 00 00                 DEFB $00,$00,$00,$00,$00,$00,$00,$00,$00,$00,$00,$00,$00,$00,$00,$00,$00,$00,$00,$00,$00,$00,$00,$00,$00,$00,$00,$00,$00,$00,$00,$00,$76 ; Line 22
0026+  43B9 00 00 00 00 
0026+  43BD 00 00 00 00 
0026+  43C1 00 00 00 00 
0026+  43C5 00 00 00 00 
0026+  43C9 00 00 00 00 
0026+  43CD 00 00 00 00 
0026+  43D1 00 00 00 00 
0026+  43D5 76 
0027+  43D6 00 00 00 00                 DEFB $00,$00,$00,$00,$00,$00,$00,$00,$00,$00,$00,$00,$00,$00,$00,$00,$00,$00,$00,$00,$00,$00,$00,$00,$00,$00,$00,$00,$00,$00,$00,$00,$76 ; Line 23
0027+  43DA 00 00 00 00 
0027+  43DE 00 00 00 00 
0027+  43E2 00 00 00 00 
0027+  43E6 00 00 00 00 
0027+  43EA 00 00 00 00 
0027+  43EE 00 00 00 00 
0027+  43F2 00 00 00 00 
0027+  43F6 76 
0028+  43F7             
0093   43F7             
0094   43F7             ;close out the basic program
0095   43F7             #include "endbasic.asm"
0001+  43F7             ; close out the BASIC program structure
0002+  43F7             ; BASIC Variables area
0003+  43F7             Variables:      
0004+  43F7 80          VariablesEnd:   DEFB $80
0005+  43F8             BasicEnd:                              
0006+  43F8             
0007+  43F8             
0008+  43F8             #END
0096   43F8             						
tasm: Number of errors = 0
